#
# There is insufficient memory for the Java Runtime Environment to continue.
# Native memory allocation (malloc) failed to allocate 1048576 bytes for AllocateHeap
# Possible reasons:
#   The system is out of physical RAM or swap space
#   The process is running with CompressedOops enabled, and the Java Heap may be blocking the growth of the native heap
# Possible solutions:
#   Reduce memory load on the system
#   Increase physical memory or swap space
#   Check if swap backing store is full
#   Decrease Java heap size (-Xmx/-Xms)
#   Decrease number of Java threads
#   Decrease Java thread stack sizes (-Xss)
#   Set larger code cache with -XX:ReservedCodeCacheSize=
#   JVM is running with Unscaled Compressed Oops mode in which the Java heap is
#     placed in the first 4GB address space. The Java Heap base address is the
#     maximum limit for the native heap growth. Please use -XX:HeapBaseMinAddress
#     to set the Java Heap base and to place the Java Heap above 4GB virtual address.
# This output file may be truncated or incomplete.
#
#  Out of Memory Error (memory/allocation.inline.hpp:61), pid=6688, tid=0x0000000000002d70
#
# JRE version:  (8.0_221-b11) (build )
# Java VM: Java HotSpot(TM) 64-Bit Server VM (25.221-b11 mixed mode windows-amd64 compressed oops)
# Failed to write core dump. Minidumps are not enabled by default on client versions of Windows
#

---------------  T H R E A D  ---------------

Current thread (0x0000000002ade800):  JavaThread "Unknown thread" [_thread_in_vm, id=11632, stack(0x0000000002b30000,0x0000000002c30000)]

Stack: [0x0000000002b30000,0x0000000002c30000]
[error occurred during error reporting (printing stack bounds), id 0xc0000005]

Native frames: (J=compiled Java code, j=interpreted, Vv=VM code, C=native code)


---------------  P R O C E S S  ---------------

Java Threads: ( => current thread )

Other Threads:

=>0x0000000002ade800 (exited) JavaThread "Unknown thread" [_thread_in_vm, id=11632, stack(0x0000000002b30000,0x0000000002c30000)]

VM state:not at safepoint (normal execution)

VM Mutex/Monitor currently owned by a thread: None

heap address: 0x00000000c1200000, size: 1006 MB, Compressed Oops mode: 32-bit
Narrow klass base: 0x0000000000000000, Narrow klass shift: 3
Compressed class space size: 1073741824 Address: 0x0000000100000000

Heap:
 PSYoungGen      total 18944K, used 327K [0x00000000eb100000, 0x00000000ec600000, 0x0000000100000000)
  eden space 16384K, 2% used [0x00000000eb100000,0x00000000eb151ec8,0x00000000ec100000)
  from space 2560K, 0% used [0x00000000ec380000,0x00000000ec380000,0x00000000ec600000)
  to   space 2560K, 0% used [0x00000000ec100000,0x00000000ec100000,0x00000000ec380000)
 ParOldGen       total 44032K, used 0K [0x00000000c1200000, 0x00000000c3d00000, 0x00000000eb100000)
  object space 44032K, 0% used [0x00000000c1200000,0x00000000c1200000,0x00000000c3d00000)
 Metaspace       used 776K, capacity 4480K, committed 4480K, reserved 1056768K
  class space    used 76K, capacity 384K, committed 384K, reserved 1048576K

Card table byte_map: [0x00000000120f0000,0x00000000122f0000] byte_map_base: 0x0000000011ae7000

Marking Bits: (ParMarkBitMap*) 0x0000000053915ce0
 Begin Bits: [0x0000000012840000, 0x00000000137f8000)
 End Bits:   [0x00000000137f8000, 0x00000000147b0000)

Polling page: 0x0000000000e00000

CodeCache: size=245760Kb used=328Kb max_used=328Kb free=245431Kb
 bounds [0x0000000002d30000, 0x0000000002fa0000, 0x0000000011d30000]
 total_blobs=58 nmethods=0 adapters=38
 compilation: enabled

Compilation events (0 events):
No events

GC Heap History (0 events):
No events

Deoptimization events (0 events):
No events

Classes redefined (0 events):
No events

Internal exceptions (0 events):
No events

Events (10 events):
Event: 0.208 loading class java/lang/Short
Event: 0.209 loading class java/lang/Short done
Event: 0.209 loading class java/lang/Integer
Event: 0.210 loading class java/lang/Integer done
Event: 0.210 loading class java/lang/Long
Event: 0.212 loading class java/lang/Long done
Event: 0.214 loading class java/lang/NullPointerException
Event: 0.214 loading class java/lang/NullPointerException done
Event: 0.214 loading class java/lang/ArithmeticException
Event: 0.214 loading class java/lang/ArithmeticException done


Dynamic libraries:
0x00007ff6a3870000 - 0x00007ff6a38a7000 	C:\Program Files\Java\jdk1.8.0_221\bin\java.exe
0x00007fff48d50000 - 0x00007fff48f20000 	C:\Windows\SYSTEM32\ntdll.dll
0x00007fff48ca0000 - 0x00007fff48d4c000 	C:\Windows\System32\KERNEL32.DLL
0x00007fff45f30000 - 0x00007fff4614d000 	C:\Windows\System32\KERNELBASE.dll
0x00007fff48a50000 - 0x00007fff48af2000 	C:\Windows\System32\ADVAPI32.dll
0x00007fff46710000 - 0x00007fff467ae000 	C:\Windows\System32\msvcrt.dll
0x00007fff489f0000 - 0x00007fff48a49000 	C:\Windows\System32\sechost.dll
0x00007fff48b70000 - 0x00007fff48c91000 	C:\Windows\System32\RPCRT4.dll
0x00007fff46dd0000 - 0x00007fff46f35000 	C:\Windows\System32\USER32.dll
0x00007fff45f10000 - 0x00007fff45f2e000 	C:\Windows\System32\win32u.dll
0x00007fff462e0000 - 0x00007fff46314000 	C:\Windows\System32\GDI32.dll
0x00007fff46150000 - 0x00007fff462d1000 	C:\Windows\System32\gdi32full.dll
0x00007fff3e370000 - 0x00007fff3e5ea000 	C:\Windows\WinSxS\amd64_microsoft.windows.common-controls_6595b64144ccf1df_6.0.14393.3053_none_7de042968342015d\COMCTL32.dll
0x00007fff46440000 - 0x00007fff46705000 	C:\Windows\System32\combase.dll
0x00007fff45db0000 - 0x00007fff45ea4000 	C:\Windows\System32\ucrtbase.dll
0x00007fff45460000 - 0x00007fff454ca000 	C:\Windows\System32\bcryptPrimitives.dll
0x00007fff46810000 - 0x00007fff4683e000 	C:\Windows\System32\IMM32.DLL
0x0000000052370000 - 0x0000000052442000 	C:\Program Files\Java\jdk1.8.0_221\jre\bin\msvcr100.dll
0x00000000530f0000 - 0x0000000053995000 	C:\Program Files\Java\jdk1.8.0_221\jre\bin\server\jvm.dll
0x00007fff46dc0000 - 0x00007fff46dc8000 	C:\Windows\System32\PSAPI.DLL
0x00007fff3e250000 - 0x00007fff3e259000 	C:\Windows\SYSTEM32\WSOCK32.dll
0x00007fff43640000 - 0x00007fff43663000 	C:\Windows\SYSTEM32\WINMM.dll
0x00007fff32310000 - 0x00007fff3231a000 	C:\Windows\SYSTEM32\VERSION.dll
0x00007fff47250000 - 0x00007fff472ba000 	C:\Windows\System32\ws2_32.DLL
0x0000000002a30000 - 0x0000000002a5b000 	C:\Windows\SYSTEM32\WINMMBASE.dll
0x00007fff45240000 - 0x00007fff45282000 	C:\Windows\System32\cfgmgr32.dll
0x00007fff43710000 - 0x00007fff4371f000 	C:\Program Files\Java\jdk1.8.0_221\jre\bin\verify.dll
0x00007fff3c030000 - 0x00007fff3c059000 	C:\Program Files\Java\jdk1.8.0_221\jre\bin\java.dll
0x00007fff422c0000 - 0x00007fff422d6000 	C:\Program Files\Java\jdk1.8.0_221\jre\bin\zip.dll

VM Arguments:
jvm_args: -Xverify:none -XX:TieredStopAtLevel=1 -Dfile.encoding=windows-1252 -Duser.country=US -Duser.language=en -Duser.variant 
java_command: org.launchcode.Skedule.SkeduleApplication
java_class_path (initial): C:\Users\Vanessa\codecamp\Java\AppFolder\Skedule\build\classes\java\main;C:\Users\Vanessa\codecamp\Java\AppFolder\Skedule\build\resources\main;C:\Users\Vanessa\.gradle\caches\modules-2\files-2.1\org.springframework.boot\spring-boot-devtools\2.2.1.RELEASE\7bff398995dc4fa458441f4bf7673981dfedc6de\spring-boot-devtools-2.2.1.RELEASE.jar;C:\Users\Vanessa\.gradle\caches\modules-2\files-2.1\org.springframework.boot\spring-boot-starter-data-jpa\2.2.1.RELEASE\dace86df26aaec8a948ffacd7d46d11c366af527\spring-boot-starter-data-jpa-2.2.1.RELEASE.jar;C:\Users\Vanessa\.gradle\caches\modules-2\files-2.1\org.springframework.boot\spring-boot-starter-thymeleaf\2.2.1.RELEASE\d6ed4f82ea8f064f12948e4f29c0c7c904ef6025\spring-boot-starter-thymeleaf-2.2.1.RELEASE.jar;C:\Users\Vanessa\.gradle\caches\modules-2\files-2.1\org.springframework.boot\spring-boot-starter-web\2.2.1.RELEASE\689213aca6e25e2aa9b377e61273aa3d31f30f60\spring-boot-starter-web-2.2.1.RELEASE.jar;C:\Users\Vanessa\.gradle\caches\modules-2\files-2.1\mysql\mysql-connector-java\8.0.18\e088efaa4b568bc7d9f7274b9c5ea1a00da1a45c\mysql-connector-java-8.0.18.jar;C:\Users\Vanessa\.gradle\caches\modules-2\files-2.1\org.springframework.boot\spring-boot-starter-aop\2.2.1.RELEASE\f5f9988e816634100840c7f570763ea7e5e907d9\spring-boot-starter-aop-2.2.1.RELEASE.jar;C:\Users\Vanessa\.gradle\caches\modules-2\files-2.1\org.springframework.boot\spring-boot-starter-jdbc\2.2.1.RELEASE\699ae6a7fcb65688f474763ea8233d6cdfa60959\spring-boot-starter-jdbc-2.2.1.RELEASE.jar;C:\Users\Vanessa\.gradle\caches\modules-2\files-2.1\org.springframework.boot\spring-boot-starter-json\2.2.1.RELEASE\2d9f5ad8a76edcf3c610e0f825d9c01563a6900a\spring-boot-starter-json-2.2.1.RELEASE.jar;C:\Users\Vanessa\.gradle\caches\modules-2\files-2.1\org.springframework.boot\spring-boot-starter-validation\2.2.1.RELEASE\ea5bd9055951afe28f64a96524bfd0bf0d362313\spring-boot-starter-validation-2.2.1.RELEASE.jar;C:\Users\Vanessa\.gradle\caches\modules-2\files-2.1
Launcher Type: SUN_STANDARD

Environment Variables:
PATH=C:\Python27\;C:\Python27\Scripts;C:\Program Files (x86)\Common Files\Oracle\Java\javapath;C:\ProgramData\Miniconda3.0;C:\ProgramData\Miniconda3.0\Library\mingw-w64\bin;C:\ProgramData\Miniconda3.0\Library\usr\bin;C:\ProgramData\Miniconda3.0\Library\bin;C:\ProgramData\Miniconda3.0\Scripts;C:\Windows\system32;C:\Windows;C:\Windows\System32\Wbem;C:\Windows\System32\WindowsPowerShell\v1.0\;C:\Program Files\PuTTY\;"C:\Program Files\Java\jdk1.8.0_221\bin";C:\Program Files\nodejs\;C:\ProgramData\chocolatey\bin;C:\Users\Vanessa\AppData\Local\Microsoft\WindowsApps;C:\Users\Vanessa\AppData\Local\GitHubDesktop\bin;C:\Users\Vanessa\AppData\Local\atom\bin;C:\Users\Vanessa\AppData\Local\Programs\Microsoft VS Code\bin;C:\Users\Vanessa\AppData\Local\Programs\Git\cmd;C:\Users\Vanessa\AppData\Roaming\npm
USERNAME=Vanessa
OS=Windows_NT
PROCESSOR_IDENTIFIER=Intel64 Family 6 Model 78 Stepping 3, GenuineIntel



---------------  S Y S T E M  ---------------

OS: Windows 10.0 , 64 bit Build 14393 (10.0.14393.2969)

CPU:total 4 (initial active 4) (2 cores per cpu, 2 threads per core) family 6 model 78 stepping 3, cmov, cx8, fxsr, mmx, sse, sse2, sse3, ssse3, sse4.1, sse4.2, popcnt, avx, avx2, aes, clmul, erms, rtm, 3dnowpref, lzcnt, ht, tsc, tscinvbit, bmi1, bmi2, adx

Memory: 4k page, physical 4117596k(69272k free), swap 16700508k(4600k free)

vm_info: Java HotSpot(TM) 64-Bit Server VM (25.221-b11) for windows-amd64 JRE (1.8.0_221-b11), built on Jul  4 2019 04:39:29 by "java_re" with MS VC++ 10.0 (VS2010)

time: Thu Dec 12 12:13:49 2019
timezone: Eastern Standard Time
elapsed time: 0 seconds (0d 0h 0m 0s)

